Step 2800: grad_norm=0.0433, loss=0.0050, param_norm=1805.5208
Step 2900: grad_norm=0.0500, loss=0.0055, param_norm=1805.5778
Step 3000: grad_norm=0.0430, loss=0.0050, param_norm=1805.6329
Step 3100: grad_norm=0.0426, loss=0.0050, param_norm=1805.6881
Step 3200: grad_norm=0.0456, loss=0.0052, param_norm=1805.7428
Step 3300: grad_norm=0.0425, loss=0.0046, param_norm=1805.7944
Step 3400: grad_norm=0.0435, loss=0.0048, param_norm=1805.8446
Step 3500: grad_norm=0.0438, loss=0.0048, param_norm=1805.8943
Step 3600: grad_norm=0.0417, loss=0.0046, param_norm=1805.9412
Step 3700: grad_norm=0.0423, loss=0.0046, param_norm=1805.9883
Step 3800: grad_norm=0.0426, loss=0.0045, param_norm=1806.0337
Step 3900: grad_norm=0.0395, loss=0.0040, param_norm=1806.0770
Step 4000: grad_norm=0.0399, loss=0.0041, param_norm=1806.1194
Step 4100: grad_norm=0.0377, loss=0.0038, param_norm=1806.1588
Step 4200: grad_norm=0.0389, loss=0.0040, param_norm=1806.1971
Step 4300: grad_norm=0.0396, loss=0.0040, param_norm=1806.2338
Step 4400: grad_norm=0.0605, loss=0.0044, param_norm=1806.2715
Step 4500: grad_norm=0.0379, loss=0.0037, param_norm=1806.3075
Step 4600: grad_norm=0.0372, loss=0.0036, param_norm=1806.3396
Step 4700: grad_norm=0.0369, loss=0.0037, param_norm=1806.3712
Step 4800: grad_norm=0.0372, loss=0.0035, param_norm=1806.4025
Step 4900: grad_norm=0.0367, loss=0.0037, param_norm=1806.4309
Step 5000: grad_norm=0.0356, loss=0.0034, param_norm=1806.4584
Step 5100: grad_norm=0.0334, loss=0.0030, param_norm=1806.4849
Step 5200: grad_norm=0.0351, loss=0.0033, param_norm=1806.5100
Step 5300: grad_norm=0.0342, loss=0.0031, param_norm=1806.5334
Step 5400: grad_norm=0.0354, loss=0.0032, param_norm=1806.5554
Step 5500: grad_norm=0.0362, loss=0.0033, param_norm=1806.5775
Step 5600: grad_norm=0.0331, loss=0.0029, param_norm=1806.5977
Step 5700: grad_norm=0.0336, loss=0.0029, param_norm=1806.6167
Step 5800: grad_norm=0.0371, loss=0.0032, param_norm=1806.6348
Step 5900: grad_norm=0.0355, loss=0.0030, param_norm=1806.6519
Step 6000: grad_norm=0.0311, loss=0.0024, param_norm=1806.6674
Step 6100: grad_norm=0.0352, loss=0.0029, param_norm=1806.6821
Step 6200: grad_norm=0.0333, loss=0.0027, param_norm=1806.6962
Step 6300: grad_norm=0.0306, loss=0.0025, param_norm=1806.7092
Step 6400: grad_norm=0.0319, loss=0.0027, param_norm=1806.7207
Step 6500: grad_norm=0.0330, loss=0.0026, param_norm=1806.7323
Step 6600: grad_norm=0.0321, loss=0.0025, param_norm=1806.7435
Step 6700: grad_norm=0.0306, loss=0.0023, param_norm=1806.7535
Step 6800: grad_norm=0.0314, loss=0.0024, param_norm=1806.7631
Step 6900: grad_norm=0.0292, loss=0.0023, param_norm=1806.7709
Step 7000: grad_norm=0.0307, loss=0.0024, param_norm=1806.7791
Step 7100: grad_norm=0.0324, loss=0.0025, param_norm=1806.7865
Step 7200: grad_norm=0.0319, loss=0.0024, param_norm=1806.7937
Step 7300: grad_norm=0.0295, loss=0.0021, param_norm=1806.7999
Step 7400: grad_norm=0.0282, loss=0.0021, param_norm=1806.8058
Step 7500: grad_norm=0.0297, loss=0.0023, param_norm=1806.8112
Step 7600: grad_norm=0.0292, loss=0.0022, param_norm=1806.8162
Step 7700: grad_norm=0.0283, loss=0.0021, param_norm=1806.8203
Step 7800: grad_norm=0.0267, loss=0.0019, param_norm=1806.8250
Step 7900: grad_norm=0.0284, loss=0.0019, param_norm=1806.8284
Step 8000: grad_norm=0.0269, loss=0.0019, param_norm=1806.8317
Step 8100: grad_norm=0.0293, loss=0.0019, param_norm=1806.8350
Step 8200: grad_norm=0.0261, loss=0.0017, param_norm=1806.8384
Step 8300: grad_norm=0.0265, loss=0.0018, param_norm=1806.8411
Step 8400: grad_norm=0.0267, loss=0.0018, param_norm=1806.8440
Step 8500: grad_norm=0.0301, loss=0.0020, param_norm=1806.8462
Step 8600: grad_norm=0.0295, loss=0.0019, param_norm=1806.8485
Step 8700: grad_norm=0.0289, loss=0.0019, param_norm=1806.8502
Step 8800: grad_norm=0.0257, loss=0.0017, param_norm=1806.8522
Step 8900: grad_norm=0.0290, loss=0.0019, param_norm=1806.8538
Step 9000: grad_norm=0.0277, loss=0.0019, param_norm=1806.8552
Step 9100: grad_norm=0.0264, loss=0.0016, param_norm=1806.8568
Step 9200: grad_norm=0.0247, loss=0.0015, param_norm=1806.8580
Step 9300: grad_norm=0.0259, loss=0.0017, param_norm=1806.8596
Step 9400: grad_norm=0.0252, loss=0.0015, param_norm=1806.8612
Step 9500: grad_norm=0.0263, loss=0.0016, param_norm=1806.8627
Step 9600: grad_norm=0.0276, loss=0.0017, param_norm=1806.8639
Step 9700: grad_norm=0.0237, loss=0.0014, param_norm=1806.8650
Step 9800: grad_norm=0.0264, loss=0.0016, param_norm=1806.8662
Step 9900: grad_norm=0.0247, loss=0.0015, param_norm=1806.8672
>>> training finished; final checkpoints:
2000
4000
6000
8000
9999
✓ bottle-LoRA training job 188 finished — GPU released
checkpoints (cluster, persistent home): ~/farm-train/openpi/checkpoints/pi05_farm_bottle_lora/pi05_farm_bottle_lora_188/
