pyxis: importing docker image: nvcr.io#nvidia/pytorch:24.12-py3
pyxis: imported docker image: nvcr.io#nvidia/pytorch:24.12-py3
>>> installing system ffmpeg…
DEPRECATION: Loading egg at /usr/local/lib/python3.12/dist-packages/dill-0.3.9-py3.12.egg is deprecated. pip 25.1 will enforce this behaviour change. A possible replacement is to use pip for package installation. Discussion can be found at https://github.com/pypa/pip/issues/12330
DEPRECATION: Loading egg at /usr/local/lib/python3.12/dist-packages/igraph-0.11.8-py3.12-linux-x86_64.egg is deprecated. pip 25.1 will enforce this behaviour change. A possible replacement is to use pip for package installation. Discussion can be found at https://github.com/pypa/pip/issues/12330
DEPRECATION: Loading egg at /usr/local/lib/python3.12/dist-packages/lightning_thunder-0.2.0.dev0-py3.12.egg is deprecated. pip 25.1 will enforce this behaviour change. A possible replacement is to use pip for package installation. Discussion can be found at https://github.com/pypa/pip/issues/12330
DEPRECATION: Loading egg at /usr/local/lib/python3.12/dist-packages/lightning_utilities-0.11.9-py3.12.egg is deprecated. pip 25.1 will enforce this behaviour change. A possible replacement is to use pip for package installation. Discussion can be found at https://github.com/pypa/pip/issues/12330
DEPRECATION: Loading egg at /usr/local/lib/python3.12/dist-packages/looseversion-1.3.0-py3.12.egg is deprecated. pip 25.1 will enforce this behaviour change. A possible replacement is to use pip for package installation. Discussion can be found at https://github.com/pypa/pip/issues/12330
DEPRECATION: Loading egg at /usr/local/lib/python3.12/dist-packages/nvfuser-0.2.13a0+0d33366-py3.12-linux-x86_64.egg is deprecated. pip 25.1 will enforce this behaviour change. A possible replacement is to use pip for package installation. Discussion can be found at https://github.com/pypa/pip/issues/12330
DEPRECATION: Loading egg at /usr/local/lib/python3.12/dist-packages/opt_einsum-3.4.0-py3.12.egg is deprecated. pip 25.1 will enforce this behaviour change. A possible replacement is to use pip for package installation. Discussion can be found at https://github.com/pypa/pip/issues/12330
DEPRECATION: Loading egg at /usr/local/lib/python3.12/dist-packages/texttable-1.7.0-py3.12.egg is deprecated. pip 25.1 will enforce this behaviour change. A possible replacement is to use pip for package installation. Discussion can be found at https://github.com/pypa/pip/issues/12330
WARNING: Running pip as the 'root' user can result in broken permissions and conflicting behaviour with the system package manager, possibly rendering your system unusable.It is recommended to use a virtual environment instead: https://pip.pypa.io/warnings/venv. Use the --root-user-action option if you know what you are doing and want to suppress this warning.

[notice] A new release of pip is available: 24.3.1 -> 26.1.1
[notice] To update, run: python -m pip install --upgrade pip
Checked 240 packages in 82ms
>>> verifying jax sees the GPU…
jax devices: [CudaDevice(id=0)]
>>> computing norm stats…
Traceback (most recent call last):
  File "/home/nhweiss/farm-train/openpi/.venv/lib/python3.11/site-packages/lerobot/common/datasets/lerobot_dataset.py", line 95, in __init__
    self.load_metadata()
  File "/home/nhweiss/farm-train/openpi/.venv/lib/python3.11/site-packages/lerobot/common/datasets/lerobot_dataset.py", line 105, in load_metadata
    self.info = load_info(self.root)
                ^^^^^^^^^^^^^^^^^^^^
  File "/home/nhweiss/farm-train/openpi/.venv/lib/python3.11/site-packages/lerobot/common/datasets/utils.py", line 178, in load_info
    info = load_json(local_dir / INFO_PATH)
           ^^^^^^^^^^^^^^^^^^^^^^^^^^^^^^^^
  File "/home/nhweiss/farm-train/openpi/.venv/lib/python3.11/site-packages/lerobot/common/datasets/utils.py", line 146, in load_json
    with open(fpath) as f:
         ^^^^^^^^^^^
FileNotFoundError: [Errno 2] No such file or directory: '/home/nhweiss/.cache/huggingface/lerobot/NoahWeiss/farm_bottle_lora/meta/info.json'

During handling of the above exception, another exception occurred:

Traceback (most recent call last):
  File "/home/nhweiss/farm-train/openpi/scripts/compute_norm_stats.py", line 117, in <module>
    tyro.cli(main)
  File "/home/nhweiss/farm-train/openpi/.venv/lib/python3.11/site-packages/tyro/_cli.py", line 229, in cli
    return run_with_args_from_cli()
           ^^^^^^^^^^^^^^^^^^^^^^^^
  File "/home/nhweiss/farm-train/openpi/scripts/compute_norm_stats.py", line 98, in main
    data_loader, num_batches = create_torch_dataloader(
                               ^^^^^^^^^^^^^^^^^^^^^^^^
  File "/home/nhweiss/farm-train/openpi/scripts/compute_norm_stats.py", line 34, in create_torch_dataloader
    dataset = _data_loader.create_torch_dataset(data_config, action_horizon, model_config)
              ^^^^^^^^^^^^^^^^^^^^^^^^^^^^^^^^^^^^^^^^^^^^^^^^^^^^^^^^^^^^^^^^^^^^^^^^^^^^
  File "/home/nhweiss/farm-train/openpi/src/openpi/training/data_loader.py", line 140, in create_torch_dataset
    dataset_meta = lerobot_dataset.LeRobotDatasetMetadata(repo_id)
                   ^^^^^^^^^^^^^^^^^^^^^^^^^^^^^^^^^^^^^^^^^^^^^^^
  File "/home/nhweiss/farm-train/openpi/.venv/lib/python3.11/site-packages/lerobot/common/datasets/lerobot_dataset.py", line 98, in __init__
    self.revision = get_safe_version(self.repo_id, self.revision)
                    ^^^^^^^^^^^^^^^^^^^^^^^^^^^^^^^^^^^^^^^^^^^^^
  File "/home/nhweiss/farm-train/openpi/.venv/lib/python3.11/site-packages/lerobot/common/datasets/utils.py", line 330, in get_safe_version
    raise RevisionNotFoundError(
huggingface_hub.errors.RevisionNotFoundError: Your dataset must be tagged with a codebase version.
            Assuming _version_ is the codebase_version value in the info.json, you can run this:
            ```python
            from huggingface_hub import HfApi

            hub_api = HfApi()
            hub_api.create_tag("NoahWeiss/farm_bottle_lora", tag="_version_", repo_type="dataset")
            ```
            
srun: error: slinky-0: task 0: Exited with exit code 1
