Step 100: grad_norm=0.1473, loss=0.0365, param_norm=1771.3666
Step 200: grad_norm=0.1044, loss=0.0121, param_norm=1771.3706
Step 300: grad_norm=0.0838, loss=0.0080, param_norm=1771.3859
Step 400: grad_norm=0.0692, loss=0.0068, param_norm=1771.4147
Step 500: grad_norm=0.0623, loss=0.0059, param_norm=1771.4462
Step 600: grad_norm=0.0583, loss=0.0054, param_norm=1771.4794
Step 700: grad_norm=0.0546, loss=0.0051, param_norm=1771.5118
Step 800: grad_norm=0.0545, loss=0.0046, param_norm=1771.5447
Step 900: grad_norm=0.0487, loss=0.0043, param_norm=1771.5762
Step 1000: grad_norm=0.0481, loss=0.0041, param_norm=1771.6084
Step 1100: grad_norm=0.0485, loss=0.0040, param_norm=1771.6409
Step 1200: grad_norm=0.0462, loss=0.0039, param_norm=1771.6721
Step 1300: grad_norm=0.0449, loss=0.0036, param_norm=1771.7012
Step 1400: grad_norm=0.0439, loss=0.0037, param_norm=1771.7317
Step 1500: grad_norm=0.0421, loss=0.0034, param_norm=1771.7618
Step 1600: grad_norm=0.0410, loss=0.0033, param_norm=1771.7903
Step 1700: grad_norm=0.0408, loss=0.0033, param_norm=1771.8181
Step 1800: grad_norm=0.0382, loss=0.0031, param_norm=1771.8456
Step 1900: grad_norm=0.0411, loss=0.0032, param_norm=1771.8718
Step 2000: grad_norm=0.0378, loss=0.0030, param_norm=1771.8970
Step 2100: grad_norm=0.0393, loss=0.0029, param_norm=1771.9214
Step 2200: grad_norm=0.0362, loss=0.0028, param_norm=1771.9449
Step 2300: grad_norm=0.0334, loss=0.0026, param_norm=1771.9677
Step 2400: grad_norm=0.0357, loss=0.0026, param_norm=1771.9880
Step 2500: grad_norm=0.0327, loss=0.0025, param_norm=1772.0089
Step 2600: grad_norm=0.0342, loss=0.0025, param_norm=1772.0280
Step 2700: grad_norm=0.0333, loss=0.0024, param_norm=1772.0460
Step 2800: grad_norm=0.0357, loss=0.0024, param_norm=1772.0638
Step 2900: grad_norm=0.0350, loss=0.0023, param_norm=1772.0811
Step 3000: grad_norm=0.0341, loss=0.0022, param_norm=1772.0951
Step 3100: grad_norm=0.0315, loss=0.0021, param_norm=1772.1083
Step 3200: grad_norm=0.0337, loss=0.0021, param_norm=1772.1208
Step 3300: grad_norm=0.0305, loss=0.0019, param_norm=1772.1339
Step 3400: grad_norm=0.0328, loss=0.0020, param_norm=1772.1447
Step 3500: grad_norm=0.0312, loss=0.0019, param_norm=1772.1549
Step 3600: grad_norm=0.0306, loss=0.0018, param_norm=1772.1642
Step 3700: grad_norm=0.0324, loss=0.0018, param_norm=1772.1726
Step 3800: grad_norm=0.0296, loss=0.0017, param_norm=1772.1799
Step 3900: grad_norm=0.0324, loss=0.0018, param_norm=1772.1876
Step 4000: grad_norm=0.0291, loss=0.0016, param_norm=1772.1947
Step 4100: grad_norm=0.0293, loss=0.0016, param_norm=1772.2003
Step 4200: grad_norm=0.0295, loss=0.0016, param_norm=1772.2050
Step 4300: grad_norm=0.0294, loss=0.0015, param_norm=1772.2090
Step 4400: grad_norm=0.0268, loss=0.0015, param_norm=1772.2134
Step 4500: grad_norm=0.0278, loss=0.0014, param_norm=1772.2168
Step 4600: grad_norm=0.0295, loss=0.0014, param_norm=1772.2209
Step 4700: grad_norm=0.0263, loss=0.0013, param_norm=1772.2234
Step 4800: grad_norm=0.0244, loss=0.0012, param_norm=1772.2260
Step 4900: grad_norm=0.0282, loss=0.0013, param_norm=1772.2280
Step 5000: grad_norm=0.0302, loss=0.0013, param_norm=1772.2301
Step 5100: grad_norm=0.0258, loss=0.0012, param_norm=1772.2318
Step 5200: grad_norm=0.0254, loss=0.0012, param_norm=1772.2334
Step 5300: grad_norm=0.0259, loss=0.0012, param_norm=1772.2346
Step 5400: grad_norm=0.0242, loss=0.0011, param_norm=1772.2358
Step 5500: grad_norm=0.0277, loss=0.0012, param_norm=1772.2372
Step 5600: grad_norm=0.0291, loss=0.0012, param_norm=1772.2383
Step 5700: grad_norm=0.0237, loss=0.0011, param_norm=1772.2390
Step 5800: grad_norm=0.0271, loss=0.0011, param_norm=1772.2396
Step 5900: grad_norm=0.0252, loss=0.0011, param_norm=1772.2402
 6 total 2.72 (kernels 1.40, alloc 0.50, bootstrap 0.00, allgathers 0.01, topo 0.11, graphs 0.01, connections 0.66, rest 0.03)
slinky-0:34636:47955 [3] NCCL INFO ncclCommInitRankConfig comm 0x7f78681f5a60 rank 3 nranks 6 cudaDev 3 nvmlDev 4 busId 11b000 commId 0x2ce24690783c1bda - Init COMPLETE
slinky-0:34636:47955 [3] NCCL INFO Init timings - ncclCommInitRankConfig: rank 3 nranks 6 total 2.72 (kernels 1.40, alloc 0.50, bootstrap 0.00, allgathers 0.01, topo 0.11, graphs 0.01, connections 0.66, rest 0.03)
slinky-0:34636:47953 [1] NCCL INFO ncclCommInitRankConfig comm 0x7f78680ecfa0 rank 1 nranks 6 cudaDev 1 nvmlDev 1 busId 29000 commId 0x2ce24690783c1bda - Init COMPLETE
slinky-0:34636:47953 [1] NCCL INFO Init timings - ncclCommInitRankConfig: rank 1 nranks 6 total 2.72 (kernels 1.40, alloc 0.50, bootstrap 0.00, allgathers 0.02, topo 0.10, graphs 0.01, connections 0.66, rest 0.03)
slinky-0:34636:47957 [5] NCCL INFO ncclCommInitRankConfig comm 0x7f78682fdf00 rank 5 nranks 6 cudaDev 5 nvmlDev 6 busId 145000 commId 0x2ce24690783c1bda - Init COMPLETE
slinky-0:34636:47957 [5] NCCL INFO Init timings - ncclCommInitRankConfig: rank 5 nranks 6 total 2.72 (kernels 1.40, alloc 0.50, bootstrap 0.00, allgathers 0.01, topo 0.10, graphs 0.01, connections 0.66, rest 0.03)
slinky-0:34636:47956 [4] NCCL INFO ncclCommInitRankConfig comm 0x7f7868279cb0 rank 4 nranks 6 cudaDev 4 nvmlDev 5 busId 124000 commId 0x2ce24690783c1bda - Init COMPLETE
slinky-0:34636:47956 [4] NCCL INFO Init timings - ncclCommInitRankConfig: rank 4 nranks 6 total 2.72 (kernels 1.39, alloc 0.51, bootstrap 0.00, allgathers 0.01, topo 0.11, graphs 0.01, connections 0.65, rest 0.04)
slinky-0:34636:47952 [0] NCCL INFO ncclCommInitRankConfig comm 0x7f786806c8e0 rank 0 nranks 6 cudaDev 0 nvmlDev 0 busId 1b000 commId 0x2ce24690783c1bda - Init COMPLETE
slinky-0:34636:47952 [0] NCCL INFO Init timings - ncclCommInitRankConfig: rank 0 nranks 6 total 2.72 (kernels 1.39, alloc 0.51, bootstrap 0.00, allgathers 0.00, topo 0.11, graphs 0.01, connections 0.67, rest 0.03)
>>> draining checkpoint pusher…
>>> final checkpoints:
1000
2000
3000
4000
5000
5999
✓ GSE-multiobject job 190 finished — GPUs released
model: https://huggingface.co/NoahWeiss/farm_uf850_multiobject_gse_robust
